0 info it worked if it ends with ok
1 verbose cli [ '/usr/local/bin/node',
1 verbose cli   '/usr/local/bin/npm',
1 verbose cli   'install',
1 verbose cli   '-g',
1 verbose cli   'pug' ]
2 info using npm@2.15.9
3 info using node@v4.6.0
4 verbose install initial load of /usr/local/lib/package.json
5 verbose readDependencies loading dependencies from /usr/local/lib/package.json
6 silly cache add args [ 'pug', null ]
7 verbose cache add spec pug
8 silly cache add parsed spec Result {
8 silly cache add   raw: 'pug',
8 silly cache add   scope: null,
8 silly cache add   name: 'pug',
8 silly cache add   rawSpec: '',
8 silly cache add   spec: 'latest',
8 silly cache add   type: 'tag' }
9 silly addNamed pug@latest
10 verbose addNamed "latest" is being treated as a dist-tag for pug
11 info addNameTag [ 'pug', 'latest' ]
12 silly mapToRegistry name pug
13 silly mapToRegistry using default registry
14 silly mapToRegistry registry https://registry.npmjs.org/
15 silly mapToRegistry data Result {
15 silly mapToRegistry   raw: 'pug',
15 silly mapToRegistry   scope: null,
15 silly mapToRegistry   name: 'pug',
15 silly mapToRegistry   rawSpec: '',
15 silly mapToRegistry   spec: 'latest',
15 silly mapToRegistry   type: 'tag' }
16 silly mapToRegistry uri https://registry.npmjs.org/pug
17 verbose addNameTag registry:https://registry.npmjs.org/pug not in flight; fetching
18 verbose request uri https://registry.npmjs.org/pug
19 verbose request no auth needed
20 info attempt registry request try #1 at 2:52:45 PM
21 verbose request id e46e6fcf4ff71611
22 http request GET https://registry.npmjs.org/pug
23 http 200 https://registry.npmjs.org/pug
24 verbose headers { server: 'CouchDB/1.6.1 (Erlang OTP/R16B03)',
24 verbose headers   etag: '"AW81NJ4U4ZW7KY4D2NTEBZWJ1"',
24 verbose headers   'content-type': 'application/json',
24 verbose headers   'content-encoding': 'gzip',
24 verbose headers   'cache-control': 'max-age=300',
24 verbose headers   'content-length': '8139',
24 verbose headers   'accept-ranges': 'bytes',
24 verbose headers   date: 'Mon, 10 Oct 2016 17:22:49 GMT',
24 verbose headers   via: '1.1 varnish',
24 verbose headers   age: '0',
24 verbose headers   connection: 'keep-alive',
24 verbose headers   'x-served-by': 'cache-yyz8333-YYZ',
24 verbose headers   'x-cache': 'MISS',
24 verbose headers   'x-cache-hits': '0',
24 verbose headers   'x-timer': 'S1476120169.395671,VS0,VE170',
24 verbose headers   vary: 'Accept-Encoding' }
25 silly get cb [ 200,
25 silly get   { server: 'CouchDB/1.6.1 (Erlang OTP/R16B03)',
25 silly get     etag: '"AW81NJ4U4ZW7KY4D2NTEBZWJ1"',
25 silly get     'content-type': 'application/json',
25 silly get     'content-encoding': 'gzip',
25 silly get     'cache-control': 'max-age=300',
25 silly get     'content-length': '8139',
25 silly get     'accept-ranges': 'bytes',
25 silly get     date: 'Mon, 10 Oct 2016 17:22:49 GMT',
25 silly get     via: '1.1 varnish',
25 silly get     age: '0',
25 silly get     connection: 'keep-alive',
25 silly get     'x-served-by': 'cache-yyz8333-YYZ',
25 silly get     'x-cache': 'MISS',
25 silly get     'x-cache-hits': '0',
25 silly get     'x-timer': 'S1476120169.395671,VS0,VE170',
25 silly get     vary: 'Accept-Encoding' } ]
26 verbose get saving pug to /Users/luojia/.npm/registry.npmjs.org/pug/.cache.json
27 verbose correctMkdir /Users/luojia/.npm correctMkdir not in flight; initializing
28 silly addNameTag next cb for pug with tag latest
29 silly addNamed pug@2.0.0-beta6
30 verbose addNamed "2.0.0-beta6" is a plain semver version for pug
31 silly mapToRegistry name pug
32 silly mapToRegistry using default registry
33 silly mapToRegistry registry https://registry.npmjs.org/
34 silly mapToRegistry data Result {
34 silly mapToRegistry   raw: 'pug',
34 silly mapToRegistry   scope: null,
34 silly mapToRegistry   name: 'pug',
34 silly mapToRegistry   rawSpec: '',
34 silly mapToRegistry   spec: 'latest',
34 silly mapToRegistry   type: 'tag' }
35 silly mapToRegistry uri https://registry.npmjs.org/pug
36 verbose addRemoteTarball https://registry.npmjs.org/pug/-/pug-2.0.0-beta6.tgz not in flight; adding
37 verbose addRemoteTarball [ 'https://registry.npmjs.org/pug/-/pug-2.0.0-beta6.tgz',
37 verbose addRemoteTarball   '9ead2e59e540a467efc3787ccb03e4574ba5fae9' ]
38 info retry fetch attempt 1 at 2:52:46 PM
39 info attempt registry request try #1 at 2:52:46 PM
40 http fetch GET https://registry.npmjs.org/pug/-/pug-2.0.0-beta6.tgz
41 http fetch 200 https://registry.npmjs.org/pug/-/pug-2.0.0-beta6.tgz
42 silly fetchAndShaCheck shasum 9ead2e59e540a467efc3787ccb03e4574ba5fae9
43 verbose addTmpTarball /var/folders/93/vp50vrnx1ngcrw1jr83rs4sc0000gt/T/npm-24465-17edcac2/registry.npmjs.org/pug/-/pug-2.0.0-beta6.tgz not in flight; adding
44 verbose addTmpTarball already have metadata; skipping unpack for pug@2.0.0-beta6
45 verbose correctMkdir /Users/luojia/.npm correctMkdir not in flight; initializing
46 silly cache afterAdd pug@2.0.0-beta6
47 verbose afterAdd /Users/luojia/.npm/pug/2.0.0-beta6/package/package.json not in flight; writing
48 verbose correctMkdir /Users/luojia/.npm correctMkdir not in flight; initializing
49 verbose afterAdd /Users/luojia/.npm/pug/2.0.0-beta6/package/package.json written
50 silly install resolved [ { name: 'pug',
50 silly install resolved     description: 'A clean, whitespace-sensitive template language for writing HTML',
50 silly install resolved     version: '2.0.0-beta6',
50 silly install resolved     author: { name: 'TJ Holowaychuk', email: 'tj@vision-media.ca' },
50 silly install resolved     maintainers: [ [Object], [Object] ],
50 silly install resolved     license: 'MIT',
50 silly install resolved     repository: { type: 'git', url: 'git://github.com/pugjs/pug.git' },
50 silly install resolved     main: 'lib',
50 silly install resolved     dependencies:
50 silly install resolved      { 'pug-code-gen': '^1.1.0',
50 silly install resolved        'pug-filters': '^1.2.4',
50 silly install resolved        'pug-lexer': '^2.2.0',
50 silly install resolved        'pug-linker': '^1.0.1',
50 silly install resolved        'pug-load': '^2.0.3',
50 silly install resolved        'pug-parser': '^2.0.1',
50 silly install resolved        'pug-runtime': '^2.0.2',
50 silly install resolved        'pug-strip-comments': '^1.0.1' },
50 silly install resolved     devDependencies:
50 silly install resolved      { coveralls: '^2.11.2',
50 silly install resolved        istanbul: '*',
50 silly install resolved        'jstransformer-cdata': '^1.0.0',
50 silly install resolved        'jstransformer-coffee-script': '^1.0.0',
50 silly install resolved        'jstransformer-less': '^2.1.0',
50 silly install resolved        'jstransformer-markdown-it': '^1.0.0',
50 silly install resolved        'jstransformer-stylus': '^1.0.0',
50 silly install resolved        'jstransformer-uglify-js': '^1.1.1',
50 silly install resolved        'jstransformer-verbatim': '^1.0.0',
50 silly install resolved        mkdirp: '^0.5.1',
50 silly install resolved        mocha: '*',
50 silly install resolved        rimraf: '^2.2.8',
50 silly install resolved        should: '*',
50 silly install resolved        'uglify-js': 'github:mishoo/UglifyJS2#1c15d0db456ce32f1b9b507aad97e5ee5c8285f7' },
50 silly install resolved     scripts:
50 silly install resolved      { test: 'mocha -R spec',
50 silly install resolved        coverage: 'istanbul cover node_modules/mocha/bin/_mocha -- -R dot',
50 silly install resolved        coveralls: 'npm run coverage && cat ./coverage/lcov.info | coveralls' },
50 silly install resolved     browser: { fs: false },
50 silly install resolved     homepage: 'http://jade-lang.com',
50 silly install resolved     gitHead: 'c1156948afb5a078449eca10ad26ff3ce4fd7a2f',
50 silly install resolved     bugs: { url: 'https://github.com/pugjs/pug/issues' },
50 silly install resolved     _id: 'pug@2.0.0-beta6',
50 silly install resolved     _shasum: '9ead2e59e540a467efc3787ccb03e4574ba5fae9',
50 silly install resolved     _from: 'pug@latest',
50 silly install resolved     _npmVersion: '3.10.7',
50 silly install resolved     _nodeVersion: '6.4.0',
50 silly install resolved     _npmUser: { name: 'timothygu', email: 'timothygu99@gmail.com' },
50 silly install resolved     dist:
50 silly install resolved      { shasum: '9ead2e59e540a467efc3787ccb03e4574ba5fae9',
50 silly install resolved        tarball: 'https://registry.npmjs.org/pug/-/pug-2.0.0-beta6.tgz' },
50 silly install resolved     _npmOperationalInternal:
50 silly install resolved      { host: 'packages-16-east.internal.npmjs.com',
50 silly install resolved        tmp: 'tmp/pug-2.0.0-beta6.tgz_1472243018338_0.3747176476754248' },
50 silly install resolved     directories: {},
50 silly install resolved     _resolved: 'https://registry.npmjs.org/pug/-/pug-2.0.0-beta6.tgz' } ]
51 info install pug@2.0.0-beta6 into /usr/local/lib
52 info installOne pug@2.0.0-beta6
53 verbose installOne of pug to /usr/local/lib not in flight; installing
54 verbose correctMkdir /Users/luojia/.npm/_locks correctMkdir not in flight; initializing
55 verbose lock using /Users/luojia/.npm/_locks/pug-1e16b463a8ae8a5d.lock for /usr/local/lib/node_modules/pug
56 silly install write writing pug 2.0.0-beta6 to /usr/local/lib/node_modules/pug
57 verbose unbuild lib/node_modules/pug
58 silly gentlyRm /usr/local/lib/node_modules/pug is being purged from base /usr/local
59 verbose gentlyRm don't care about contents; nuking /usr/local/lib/node_modules/pug
60 verbose tar unpack /Users/luojia/.npm/pug/2.0.0-beta6/package.tgz
61 verbose tar unpacking to /usr/local/lib/node_modules/pug
62 silly gentlyRm /usr/local/lib/node_modules/pug is being purged
63 verbose gentlyRm don't care about contents; nuking /usr/local/lib/node_modules/pug
64 silly gunzTarPerm modes [ '755', '644' ]
65 error tar.unpack untar error /Users/luojia/.npm/pug/2.0.0-beta6/package.tgz
66 verbose unlock done using /Users/luojia/.npm/_locks/pug-1e16b463a8ae8a5d.lock for /usr/local/lib/node_modules/pug
67 verbose fstream_path /usr/local/lib/node_modules/pug
68 verbose fstream_type Directory
69 verbose fstream_class DirWriter
70 verbose stack Error: EACCES: permission denied, mkdir '/usr/local/lib/node_modules/pug'
70 verbose stack     at Error (native)
71 verbose fstream_stack /usr/local/lib/node_modules/npm/node_modules/fstream/lib/dir-writer.js:35:25
71 verbose fstream_stack /usr/local/lib/node_modules/npm/node_modules/mkdirp/index.js:47:53
71 verbose fstream_stack FSReqWrap.oncomplete (fs.js:82:15)
72 verbose cwd /Users/luojia/Documents/6905/6905/views
73 error Darwin 15.6.0
74 error argv "/usr/local/bin/node" "/usr/local/bin/npm" "install" "-g" "pug"
75 error node v4.6.0
76 error npm  v2.15.9
77 error path /usr/local/lib/node_modules/pug
78 error code EACCES
79 error errno -13
80 error syscall mkdir
81 error Error: EACCES: permission denied, mkdir '/usr/local/lib/node_modules/pug'
81 error     at Error (native)
81 error  { [Error: EACCES: permission denied, mkdir '/usr/local/lib/node_modules/pug']
81 error   errno: -13,
81 error   code: 'EACCES',
81 error   syscall: 'mkdir',
81 error   path: '/usr/local/lib/node_modules/pug',
81 error   fstream_type: 'Directory',
81 error   fstream_path: '/usr/local/lib/node_modules/pug',
81 error   fstream_class: 'DirWriter',
81 error   fstream_stack:
81 error    [ '/usr/local/lib/node_modules/npm/node_modules/fstream/lib/dir-writer.js:35:25',
81 error      '/usr/local/lib/node_modules/npm/node_modules/mkdirp/index.js:47:53',
81 error      'FSReqWrap.oncomplete (fs.js:82:15)' ] }
82 error Please try running this command again as root/Administrator.
83 verbose exit [ -13, true ]
84 verbose unbuild lib/node_modules/pug
85 silly gentlyRm /usr/local/lib/node_modules/pug is being purged from base /usr/local
86 verbose gentlyRm don't care about contents; nuking /usr/local/lib/node_modules/pug
